<?xml version="1.0" encoding="UTF-8"?>
<!-- Generated by org.testng.reporters.JUnitReportReporter -->
<testsuite hostname="Bharath-Vepanjeri" failures="0" tests="3" name="maven1.P1" time="0.019" errors="0" timestamp="2021-12-30T14:40:14 IST" skipped="0">
  <testcase classname="maven1.P1" name="demo1" time="0.015"/>
  <system-out/>
  <testcase classname="maven1.P1" name="demo2" time="0.002"/>
  <system-out/>
  <testcase classname="maven1.P1" name="demo3" time="0.002"/>
  <system-out/>
</testsuite> <!-- maven1.P1 -->
