<?xml version="1.0" encoding="UTF-8"?>
<!-- Generated by org.testng.reporters.JUnitReportReporter -->
<testsuite hostname="Bharath-Vepanjeri" failures="0" tests="3" name="maven1.P2Test" time="0.020" errors="0" timestamp="2021-12-30T15:24:16 IST" skipped="0">
  <testcase classname="maven1.P2Test" name="login2Test" time="0.014"/>
  <system-out/>
  <testcase classname="maven1.P2Test" name="login3Test" time="0.003"/>
  <system-out/>
  <testcase classname="maven1.P2Test" name="loginTest" time="0.003"/>
  <system-out/>
</testsuite> <!-- maven1.P2Test -->
