<?xml version="1.0" encoding="UTF-8"?>
<!-- Generated by org.testng.reporters.JUnitReportReporter -->
<testsuite hostname="Bharath-Vepanjeri" failures="0" tests="3" name="maven.DemoTest" time="4.892" errors="0" timestamp="2021-12-30T17:07:34 IST" skipped="0">
  <testcase classname="maven.DemoTest" name="demo3Test" time="0.004"/>
  <system-out/>
  <testcase classname="maven.DemoTest" name="demo1Test" time="4.885"/>
  <system-out/>
  <testcase classname="maven.DemoTest" name="demo2Test" time="0.003"/>
  <system-out/>
</testsuite> <!-- maven.DemoTest -->
