<?xml version="1.0" encoding="UTF-8"?>
<!-- Generated by org.testng.reporters.JUnitReportReporter -->
<testsuite hostname="Bharath-Vepanjeri" failures="0" tests="3" name="maven1.P1Test" time="0.017" errors="0" timestamp="2021-12-30T15:24:26 IST" skipped="0">
  <testcase classname="maven1.P1Test" name="demo1Test" time="0.013"/>
  <system-out/>
  <testcase classname="maven1.P1Test" name="demo2Test" time="0.002"/>
  <system-out/>
  <testcase classname="maven1.P1Test" name="demo3Test" time="0.002"/>
  <system-out/>
</testsuite> <!-- maven1.P1Test -->
